#
# There is insufficient memory for the Java Runtime Environment to continue.
# Native memory allocation (mmap) failed to map 266338304 bytes for G1 virtual space
# Possible reasons:
#   The system is out of physical RAM or swap space
#   The process is running with CompressedOops enabled, and the Java Heap may be blocking the growth of the native heap
# Possible solutions:
#   Reduce memory load on the system
#   Increase physical memory or swap space
#   Check if swap backing store is full
#   Decrease Java heap size (-Xmx/-Xms)
#   Decrease number of Java threads
#   Decrease Java thread stack sizes (-Xss)
#   Set larger code cache with -XX:ReservedCodeCacheSize=
#   JVM is running with Zero Based Compressed Oops mode in which the Java heap is
#     placed in the first 32GB address space. The Java Heap base address is the
#     maximum limit for the native heap growth. Please use -XX:HeapBaseMinAddress
#     to set the Java Heap base and to place the Java Heap above 32GB virtual address.
# This output file may be truncated or incomplete.
#
#  Out of Memory Error (os_windows.cpp:3550), pid=109276, tid=50948
#
# JRE version:  (17.0.7+8) (build )
# Java VM: Java HotSpot(TM) 64-Bit Server VM (17.0.7+8-LTS-224, mixed mode, sharing, tiered, compressed oops, compressed class ptrs, g1 gc, windows-amd64)
# No core dump will be written. Minidumps are not enabled by default on client versions of Windows
#

---------------  S U M M A R Y ------------

Command Line: -ea -Didea.test.cyclic.buffer.size=1048576 -javaagent:D:\Automation Tester\01 - Software\IntelliJ-2023.2\lib\idea_rt.jar=49502:D:\Automation Tester\01 - Software\IntelliJ-2023.2\bin -Dfile.encoding=UTF-8 com.intellij.rt.testng.RemoteTestNGStarter -usedefaultlisteners false -socket49501 @w@C:\Users\trangntt\AppData\Local\Temp\idea_working_dirs_testng.tmp -temp C:\Users\trangntt\AppData\Local\Temp\idea_testng.tmp

Host: 11th Gen Intel(R) Core(TM) i5-11400 @ 2.60GHz, 12 cores, 15G,  Windows 10 , 64 bit Build 19041 (10.0.19041.3393)
Time: Fri Oct 13 12:34:31 2023 SE Asia Standard Time elapsed time: 0.010422 seconds (0d 0h 0m 0s)

---------------  T H R E A D  ---------------

Current thread (0x00000235d4f32fe0):  JavaThread "Unknown thread" [_thread_in_vm, id=50948, stack(0x0000008d51100000,0x0000008d51200000)]

Stack: [0x0000008d51100000,0x0000008d51200000]
Native frames: (J=compiled Java code, j=interpreted, Vv=VM code, C=native code)
V  [jvm.dll+0x676a4a]
V  [jvm.dll+0x7d74f4]
V  [jvm.dll+0x7d8c9e]
V  [jvm.dll+0x7d9303]
V  [jvm.dll+0x2452c5]
V  [jvm.dll+0x6738f9]
V  [jvm.dll+0x668232]
V  [jvm.dll+0x302826]
V  [jvm.dll+0x309da6]
V  [jvm.dll+0x35952e]
V  [jvm.dll+0x35975f]
V  [jvm.dll+0x2d9a38]
V  [jvm.dll+0x2da9a4]
V  [jvm.dll+0x7a8fb1]
V  [jvm.dll+0x3670e1]
V  [jvm.dll+0x788359]
V  [jvm.dll+0x3ea5ef]
V  [jvm.dll+0x3ec071]
C  [jli.dll+0x5297]
C  [ucrtbase.dll+0x21bb2]
C  [KERNEL32.DLL+0x17344]
C  [ntdll.dll+0x526b1]


---------------  P R O C E S S  ---------------

Threads class SMR info:
_java_thread_list=0x00007ff9ee584998, length=0, elements={
}

Java Threads: ( => current thread )

Other Threads:
  0x00000235d4f98950 GCTaskThread "GC Thread#0" [stack: 0x0000008d51200000,0x0000008d51300000] [id=121208]
  0x00000235d4faaeb0 ConcurrentGCThread "G1 Main Marker" [stack: 0x0000008d51300000,0x0000008d51400000] [id=118940]
  0x00000235d4fac3f0 ConcurrentGCThread "G1 Conc#0" [stack: 0x0000008d51400000,0x0000008d51500000] [id=103024]

[error occurred during error reporting (printing all threads), id 0xc0000005, EXCEPTION_ACCESS_VIOLATION (0xc0000005) at pc=0x00007ff9eddba697]

VM state: not at safepoint (not fully initialized)

VM Mutex/Monitor currently owned by a thread:  ([mutex/lock_event])
[0x00000235d4f2f490] Heap_lock - owner thread: 0x00000235d4f32fe0

Heap address: 0x0000000703200000, size: 4046 MB, Compressed Oops mode: Zero based, Oop shift amount: 3

CDS archive(s) mapped at: [0x0000000000000000-0x0000000000000000-0x0000000000000000), size 0, SharedBaseAddress: 0x0000000800000000, ArchiveRelocationMode: 0.
Narrow klass base: 0x0000000000000000, Narrow klass shift: 0, Narrow klass range: 0x0

GC Precious Log:
<Empty>

Heap:
 garbage-first heap   total 0K, used 0K [0x0000000703200000, 0x0000000800000000)
  region size 2048K, 0 young (0K), 0 survivors (0K)

[error occurred during error reporting (printing heap information), id 0xc0000005, EXCEPTION_ACCESS_VIOLATION (0xc0000005) at pc=0x00007ff9ee1a00b9]

GC Heap History (0 events):
No events

Deoptimization events (0 events):
No events

Classes unloaded (0 events):
No events

Classes redefined (0 events):
No events

Internal exceptions (0 events):
No events

VM Operations (0 events):
No events

Events (1 events):
Event: 0.007 Loaded shared library C:\Program Files\Java\jdk-17\bin\java.dll


Dynamic libraries:
0x00007ff67d9e0000 - 0x00007ff67d9f0000 	C:\Program Files\Java\jdk-17\bin\java.exe
0x00007ffa570b0000 - 0x00007ffa572a8000 	C:\Windows\SYSTEM32\ntdll.dll
0x00007ffa55f60000 - 0x00007ffa5601d000 	C:\Windows\System32\KERNEL32.DLL
0x00007ffa54a40000 - 0x00007ffa54d36000 	C:\Windows\System32\KERNELBASE.dll
0x000000005beb0000 - 0x000000005bf43000 	C:\Windows\System32\SYSFER.DLL
0x00007ffa54f40000 - 0x00007ffa55040000 	C:\Windows\System32\ucrtbase.dll
0x00007ffa516c0000 - 0x00007ffa516d9000 	C:\Program Files\Java\jdk-17\bin\jli.dll
0x00007ffa4d3f0000 - 0x00007ffa4d40b000 	C:\Program Files\Java\jdk-17\bin\VCRUNTIME140.dll
0x00007ffa563d0000 - 0x00007ffa5647e000 	C:\Windows\System32\ADVAPI32.dll
0x00007ffa564a0000 - 0x00007ffa5653e000 	C:\Windows\System32\msvcrt.dll
0x00007ffa554c0000 - 0x00007ffa5555c000 	C:\Windows\System32\sechost.dll
0x00007ffa562a0000 - 0x00007ffa563c6000 	C:\Windows\System32\RPCRT4.dll
0x00007ffa565a0000 - 0x00007ffa5673e000 	C:\Windows\System32\USER32.dll
0x00007ffa54790000 - 0x00007ffa547b2000 	C:\Windows\System32\win32u.dll
0x00007ffa2c830000 - 0x00007ffa2caca000 	C:\Windows\WinSxS\amd64_microsoft.windows.common-controls_6595b64144ccf1df_6.0.19041.1110_none_60b5254171f9507e\COMCTL32.dll
0x00007ffa55680000 - 0x00007ffa556ac000 	C:\Windows\System32\GDI32.dll
0x00007ffa54920000 - 0x00007ffa54a3a000 	C:\Windows\System32\gdi32full.dll
0x00007ffa55040000 - 0x00007ffa550dd000 	C:\Windows\System32\msvcp_win.dll
0x00007ffa4d4f0000 - 0x00007ffa4d4fa000 	C:\Windows\SYSTEM32\VERSION.dll
0x00007ffa55120000 - 0x00007ffa55150000 	C:\Windows\System32\IMM32.DLL
0x00007ffa2bab0000 - 0x00007ffa2babc000 	C:\Program Files\Java\jdk-17\bin\vcruntime140_1.dll
0x00007ffa347a0000 - 0x00007ffa3482e000 	C:\Program Files\Java\jdk-17\bin\msvcp140.dll
0x00007ff9edad0000 - 0x00007ff9ee6ad000 	C:\Program Files\Java\jdk-17\bin\server\jvm.dll
0x00007ffa55110000 - 0x00007ffa55118000 	C:\Windows\System32\PSAPI.DLL
0x00007ffa2b6d0000 - 0x00007ffa2b6d9000 	C:\Windows\SYSTEM32\WSOCK32.dll
0x00007ffa56020000 - 0x00007ffa5608b000 	C:\Windows\System32\WS2_32.dll
0x00007ffa44080000 - 0x00007ffa440a7000 	C:\Windows\SYSTEM32\WINMM.dll
0x00007ffa53050000 - 0x00007ffa53062000 	C:\Windows\SYSTEM32\kernel.appcore.dll
0x00007ffa50ee0000 - 0x00007ffa50eea000 	C:\Program Files\Java\jdk-17\bin\jimage.dll
0x00007ffa3f1e0000 - 0x00007ffa3f3c4000 	C:\Windows\SYSTEM32\DBGHELP.DLL
0x00007ffa3f100000 - 0x00007ffa3f134000 	C:\Windows\SYSTEM32\dbgcore.DLL
0x00007ffa54e60000 - 0x00007ffa54ee2000 	C:\Windows\System32\bcryptPrimitives.dll
0x00007ffa41d60000 - 0x00007ffa41d6e000 	C:\Program Files\Java\jdk-17\bin\instrument.dll
0x00007ffa4abe0000 - 0x00007ffa4ac05000 	C:\Program Files\Java\jdk-17\bin\java.dll

dbghelp: loaded successfully - version: 4.0.5 - missing functions: none
symbol engine: initialized successfully - sym options: 0x614 - pdb path: .;C:\Program Files\Java\jdk-17\bin;C:\Windows\SYSTEM32;C:\Windows\WinSxS\amd64_microsoft.windows.common-controls_6595b64144ccf1df_6.0.19041.1110_none_60b5254171f9507e;C:\Program Files\Java\jdk-17\bin\server

VM Arguments:
jvm_args: -ea -Didea.test.cyclic.buffer.size=1048576 -javaagent:D:\Automation Tester\01 - Software\IntelliJ-2023.2\lib\idea_rt.jar=49502:D:\Automation Tester\01 - Software\IntelliJ-2023.2\bin -Dfile.encoding=UTF-8 
java_command: com.intellij.rt.testng.RemoteTestNGStarter -usedefaultlisteners false -socket49501 @w@C:\Users\trangntt\AppData\Local\Temp\idea_working_dirs_testng.tmp -temp C:\Users\trangntt\AppData\Local\Temp\idea_testng.tmp
java_class_path (initial): D:\Automation Tester\01 - Software\IntelliJ-2023.2\lib\idea_rt.jar;D:\Automation Tester\01 - Software\IntelliJ-2023.2\plugins\testng\lib\testng-rt.jar;D:\Automation Tester\02 - Selenium WebDriver\selenium-webdriver-java-testng\out\production\selenium-webdriver-java-testng;D:\Automation Tester\02 - Selenium WebDriver\selenium-webdriver-java-testng\libraries\testng-7.8.0.jar;D:\Automation Tester\02 - Selenium WebDriver\selenium-webdriver-java-testng\libraries\selenium-server-4.11.0.jar
Launcher Type: SUN_STANDARD

[Global flags]
     intx CICompilerCount                          = 4                                         {product} {ergonomic}
     uint ConcGCThreads                            = 3                                         {product} {ergonomic}
     uint G1ConcRefinementThreads                  = 10                                        {product} {ergonomic}
   size_t G1HeapRegionSize                         = 2097152                                   {product} {ergonomic}
    uintx GCDrainStackTargetSize                   = 64                                        {product} {ergonomic}
   size_t InitialHeapSize                          = 266338304                                 {product} {ergonomic}
   size_t MarkStackSize                            = 4194304                                   {product} {ergonomic}
   size_t MaxHeapSize                              = 4242538496                                {product} {ergonomic}
   size_t MinHeapDeltaBytes                        = 2097152                                   {product} {ergonomic}
   size_t MinHeapSize                              = 8388608                                   {product} {ergonomic}
    uintx NonNMethodCodeHeapSize                   = 5839372                                {pd product} {ergonomic}
    uintx NonProfiledCodeHeapSize                  = 122909434                              {pd product} {ergonomic}
    uintx ProfiledCodeHeapSize                     = 122909434                              {pd product} {ergonomic}
    uintx ReservedCodeCacheSize                    = 251658240                              {pd product} {ergonomic}
     bool SegmentedCodeCache                       = true                                      {product} {ergonomic}
   size_t SoftMaxHeapSize                          = 4242538496                             {manageable} {ergonomic}
     bool UseCompressedClassPointers               = true                           {product lp64_product} {ergonomic}
     bool UseCompressedOops                        = true                           {product lp64_product} {ergonomic}
     bool UseG1GC                                  = true                                      {product} {ergonomic}
     bool UseLargePagesIndividualAllocation        = false                                  {pd product} {ergonomic}

Logging:
Log output configuration:
 #0: stdout all=warning uptime,level,tags
 #1: stderr all=off uptime,level,tags

Environment Variables:
JAVA_HOME=C:\Program Files\Java\jdk-17
PATH=C:\Program Files\Java\jdk-17\bin;C:\Program Files\Common Files\Oracle\Java\javapath;C:\Windows\system32;C:\Windows;C:\Windows\System32\Wbem;C:\Windows\System32\WindowsPowerShell\v1.0\;C:\Windows\System32\OpenSSH\;C:\Program Files\Azure Data Studio\bin;C:\Program Files (x86)\Microsoft SQL Server\150\DTS\Binn\;C:\Program Files\Git\cmd;C:\Users\trangntt\AppData\Local\Microsoft\WindowsApps;;C:\Program Files\Azure Data Studio\bin
USERNAME=trangntt
OS=Windows_NT
PROCESSOR_IDENTIFIER=Intel64 Family 6 Model 167 Stepping 1, GenuineIntel



---------------  S Y S T E M  ---------------

OS:
 Windows 10 , 64 bit Build 19041 (10.0.19041.3393)
OS uptime: 14 days 19:12 hours

CPU: total 12 (initial active 12) (6 cores per cpu, 2 threads per core) family 6 model 167 stepping 1 microcode 0x40, cx8, cmov, fxsr, ht, mmx, 3dnowpref, sse, sse2, sse3, ssse3, sse4.1, sse4.2, popcnt, lzcnt, tsc, tscinvbit, avx, avx2, aes, erms, clmul, bmi1, bmi2, adx, avx512f, avx512dq, avx512cd, avx512bw, avx512vl, sha, fma, vzeroupper, avx512_vpopcntdq, avx512_vpclmulqdq, avx512_vaes, avx512_vnni, clflush, clflushopt, avx512_vbmi2, avx512_vbmi

Memory: 4k page, system-wide physical 16181M (2155M free)
TotalPageFile size 49567M (AvailPageFile size 196M)
current process WorkingSet (physical memory assigned to process): 11M, peak: 11M
current process commit charge ("private bytes"): 64M, peak: 318M

vm_info: Java HotSpot(TM) 64-Bit Server VM (17.0.7+8-LTS-224) for windows-amd64 JRE (17.0.7+8-LTS-224), built on Feb 28 2023 23:03:02 by "mach5one" with MS VC++ 17.1 (VS2022)

END.
